<?xml version="1.0" encoding="UTF-8"?>
<robot generator="Robot 4.0.3 (Python 3.9.6 on win32)" generated="20210630 20:54:40.358" rpa="false" schemaversion="2">
<suite id="s1" name="If" source="C:\Users\Eveline\PrimeExperts_junho_28_2021\variables\If\If.robot">
<test id="s1-t1" name="jogo do adivinha">
<kw name="Eu tenho o numero">
<arg>3</arg>
<kw name="Regra do jogo &quot;${recebo_valor_do_test_case}&quot;" sourcename="Regra do jogo &quot;${numero_recebido}&quot;">
<kw name="Set Variable" library="BuiltIn">
<var>${mensagem_vencedora}</var>
<arg>voce ganhou o jogo</arg>
<doc>Returns the given values which can then be assigned to a variables.</doc>
<msg timestamp="20210630 20:54:40.394" level="INFO">${mensagem_vencedora} = voce ganhou o jogo</msg>
<status status="PASS" starttime="20210630 20:54:40.394" endtime="20210630 20:54:40.394"/>
</kw>
<if>
<branch type="IF" condition="${numero_recebido} == ${5}">
<kw name="Log To Console" library="BuiltIn">
<arg>${mensagem_vencedora}</arg>
<doc>Logs the given message to the console.</doc>
<status status="NOT RUN" starttime="20210630 20:54:40.394" endtime="20210630 20:54:40.394"/>
</kw>
<status status="NOT RUN" starttime="20210630 20:54:40.394" endtime="20210630 20:54:40.395"/>
</branch>
<branch type="ELSE IF" condition="${numero_recebido} == ${8}">
<kw name="Log To Console" library="BuiltIn">
<arg>${mensagem_vencedora}</arg>
<doc>Logs the given message to the console.</doc>
<status status="NOT RUN" starttime="20210630 20:54:40.395" endtime="20210630 20:54:40.395"/>
</kw>
<status status="NOT RUN" starttime="20210630 20:54:40.395" endtime="20210630 20:54:40.395"/>
</branch>
<branch type="ELSE">
<kw name="Log To Console" library="BuiltIn">
<arg>voce perdeu...</arg>
<doc>Logs the given message to the console.</doc>
<status status="PASS" starttime="20210630 20:54:40.395" endtime="20210630 20:54:40.395"/>
</kw>
<status status="PASS" starttime="20210630 20:54:40.395" endtime="20210630 20:54:40.395"/>
</branch>
<status status="PASS" starttime="20210630 20:54:40.394" endtime="20210630 20:54:40.395"/>
</if>
<status status="PASS" starttime="20210630 20:54:40.393" endtime="20210630 20:54:40.396"/>
</kw>
<status status="PASS" starttime="20210630 20:54:40.393" endtime="20210630 20:54:40.396"/>
</kw>
<status status="PASS" starttime="20210630 20:54:40.392" endtime="20210630 20:54:40.396"/>
</test>
<doc>testando lacos(for) com robot</doc>
<status status="PASS" starttime="20210630 20:54:40.360" endtime="20210630 20:54:40.397"/>
</suite>
<statistics>
<total>
<stat pass="1" fail="0" skip="0">All Tests</stat>
</total>
<tag>
</tag>
<suite>
<stat pass="1" fail="0" skip="0" id="s1" name="If">If</stat>
</suite>
</statistics>
<errors>
</errors>
</robot>
