<?xml version="1.0" encoding="UTF-8"?>
<robot generator="Robot 4.0.3 (Python 3.9.6 on win32)" generated="20210701 21:19:06.653" rpa="false" schemaversion="2">
<suite id="s1" name="Web Test" source="C:\Users\Eveline\PrimeExperts_junho_28_2021\web_test">
<suite id="s1-s1" name="Web Test" source="C:\Users\Eveline\PrimeExperts_junho_28_2021\web_test\web_test.robot">
<kw name="Abrir o navegador" type="SETUP">
<msg timestamp="20210701 21:19:06.892" level="FAIL">No keyword with name 'Abrir o navegador' found.</msg>
<status status="FAIL" starttime="20210701 21:19:06.892" endtime="20210701 21:19:06.892"/>
</kw>
<test id="s1-s1-t1" name="Caso de Teste 01: Pesquisar produto existente">
<status status="FAIL" starttime="20210701 21:19:06.893" endtime="20210701 21:19:06.895">Parent suite setup failed:
No keyword with name 'Abrir o navegador' found.</status>
</test>
<kw name="Fechar o navegador" type="TEARDOWN">
<msg timestamp="20210701 21:19:06.903" level="FAIL">No keyword with name 'Fechar o navegador' found.</msg>
<status status="FAIL" starttime="20210701 21:19:06.903" endtime="20210701 21:19:06.904">No keyword with name 'Fechar o navegador' found.</status>
</kw>
<doc>teste case web</doc>
<status status="FAIL" starttime="20210701 21:19:06.865" endtime="20210701 21:19:06.904">Suite setup failed:
No keyword with name 'Abrir o navegador' found.

Also suite teardown failed:
No keyword with name 'Fechar o navegador' found.</status>
</suite>
<status status="FAIL" starttime="20210701 21:19:06.661" endtime="20210701 21:19:06.910"/>
</suite>
<statistics>
<total>
<stat pass="0" fail="1" skip="0">All Tests</stat>
</total>
<tag>
</tag>
<suite>
<stat pass="0" fail="1" skip="0" id="s1" name="Web Test">Web Test</stat>
<stat pass="0" fail="1" skip="0" id="s1-s1" name="Web Test">Web Test.Web Test</stat>
</suite>
</statistics>
<errors>
<msg timestamp="20210701 21:19:06.877" level="ERROR">Error in file 'C:\Users\Eveline\PrimeExperts_junho_28_2021\web_test\web_test.robot' on line 3: Resource file 'resource_web.robot' does not exist.</msg>
</errors>
</robot>
