<?xml version="1.0" encoding="UTF-8"?>
<robot generator="Robot 4.0.3 (Python 3.9.6 on win32)" generated="20210705 17:35:58.966" rpa="false" schemaversion="2">
<suite id="s1" name="For" source="C:\Users\Eveline\PrimeExperts_junho_28_2021\for">
<suite id="s1-s1" name="For" source="C:\Users\Eveline\PrimeExperts_junho_28_2021\for\for.robot">
<test id="s1-s1-t1" name="contando ate 9">
<kw name="Contar">
<arg>1</arg>
<arg>9</arg>
<for flavor="IN RANGE">
<var>${count}</var>
<value>${num_inicial}</value>
<value>${num_final}</value>
<iter>
<var name="${count}">1</var>
<kw name="Log To Console" library="BuiltIn">
<arg>${\n}Estou no numero: ${count}</arg>
<doc>Logs the given message to the console.</doc>
<status status="PASS" starttime="20210705 17:35:59.046" endtime="20210705 17:35:59.046"/>
</kw>
<status status="PASS" starttime="20210705 17:35:59.038" endtime="20210705 17:35:59.046"/>
</iter>
<iter>
<var name="${count}">2</var>
<kw name="Log To Console" library="BuiltIn">
<arg>${\n}Estou no numero: ${count}</arg>
<doc>Logs the given message to the console.</doc>
<status status="PASS" starttime="20210705 17:35:59.046" endtime="20210705 17:35:59.046"/>
</kw>
<status status="PASS" starttime="20210705 17:35:59.046" endtime="20210705 17:35:59.046"/>
</iter>
<iter>
<var name="${count}">3</var>
<kw name="Log To Console" library="BuiltIn">
<arg>${\n}Estou no numero: ${count}</arg>
<doc>Logs the given message to the console.</doc>
<status status="PASS" starttime="20210705 17:35:59.046" endtime="20210705 17:35:59.046"/>
</kw>
<status status="PASS" starttime="20210705 17:35:59.046" endtime="20210705 17:35:59.046"/>
</iter>
<iter>
<var name="${count}">4</var>
<kw name="Log To Console" library="BuiltIn">
<arg>${\n}Estou no numero: ${count}</arg>
<doc>Logs the given message to the console.</doc>
<status status="PASS" starttime="20210705 17:35:59.046" endtime="20210705 17:35:59.054"/>
</kw>
<status status="PASS" starttime="20210705 17:35:59.046" endtime="20210705 17:35:59.054"/>
</iter>
<iter>
<var name="${count}">5</var>
<kw name="Log To Console" library="BuiltIn">
<arg>${\n}Estou no numero: ${count}</arg>
<doc>Logs the given message to the console.</doc>
<status status="PASS" starttime="20210705 17:35:59.054" endtime="20210705 17:35:59.054"/>
</kw>
<status status="PASS" starttime="20210705 17:35:59.054" endtime="20210705 17:35:59.054"/>
</iter>
<iter>
<var name="${count}">6</var>
<kw name="Log To Console" library="BuiltIn">
<arg>${\n}Estou no numero: ${count}</arg>
<doc>Logs the given message to the console.</doc>
<status status="PASS" starttime="20210705 17:35:59.054" endtime="20210705 17:35:59.054"/>
</kw>
<status status="PASS" starttime="20210705 17:35:59.054" endtime="20210705 17:35:59.054"/>
</iter>
<iter>
<var name="${count}">7</var>
<kw name="Log To Console" library="BuiltIn">
<arg>${\n}Estou no numero: ${count}</arg>
<doc>Logs the given message to the console.</doc>
<status status="PASS" starttime="20210705 17:35:59.054" endtime="20210705 17:35:59.054"/>
</kw>
<status status="PASS" starttime="20210705 17:35:59.054" endtime="20210705 17:35:59.054"/>
</iter>
<iter>
<var name="${count}">8</var>
<kw name="Log To Console" library="BuiltIn">
<arg>${\n}Estou no numero: ${count}</arg>
<doc>Logs the given message to the console.</doc>
<status status="PASS" starttime="20210705 17:35:59.054" endtime="20210705 17:35:59.054"/>
</kw>
<status status="PASS" starttime="20210705 17:35:59.054" endtime="20210705 17:35:59.054"/>
</iter>
<status status="PASS" starttime="20210705 17:35:59.038" endtime="20210705 17:35:59.054"/>
</for>
<status status="PASS" starttime="20210705 17:35:59.038" endtime="20210705 17:35:59.054"/>
</kw>
<status status="PASS" starttime="20210705 17:35:59.038" endtime="20210705 17:35:59.054"/>
</test>
<doc>testando lacos(for) com robot</doc>
<status status="PASS" starttime="20210705 17:35:59.014" endtime="20210705 17:35:59.062"/>
</suite>
<status status="PASS" starttime="20210705 17:35:58.966" endtime="20210705 17:35:59.070"/>
</suite>
<statistics>
<total>
<stat pass="1" fail="0" skip="0">All Tests</stat>
</total>
<tag>
</tag>
<suite>
<stat pass="1" fail="0" skip="0" id="s1" name="For">For</stat>
<stat pass="1" fail="0" skip="0" id="s1-s1" name="For">For.For</stat>
</suite>
</statistics>
<errors>
</errors>
</robot>
