<?xml version="1.0" encoding="UTF-8"?>
<robot generator="Robot 4.0.3 (Python 3.9.6 on win32)" generated="20210705 17:46:14.808" rpa="false" schemaversion="2">
<suite id="s1" name="Setup" source="C:\Users\Eveline\PrimeExperts_junho_28_2021\Setup">
<suite id="s1-s1" name="Setup" source="C:\Users\Eveline\PrimeExperts_junho_28_2021\Setup\Setup.robot">
<kw name="kw para executar no setup da Suite" type="SETUP">
<kw name="Log To Console" library="BuiltIn">
<arg>Essa KW foi executada no Setup da Suite</arg>
<doc>Logs the given message to the console.</doc>
<status status="PASS" starttime="20210705 17:46:14.984" endtime="20210705 17:46:14.984"/>
</kw>
<status status="PASS" starttime="20210705 17:46:14.976" endtime="20210705 17:46:14.984"/>
</kw>
<test id="s1-s1-t1" name="Meu teste de soma">
<kw name="kw para executar no setup de cada Teste" type="SETUP">
<kw name="Log To Console" library="BuiltIn">
<arg>Essa KW foi executada no setup de cada Teste</arg>
<doc>Logs the given message to the console.</doc>
<status status="PASS" starttime="20210705 17:46:14.992" endtime="20210705 17:46:14.992"/>
</kw>
<status status="PASS" starttime="20210705 17:46:14.984" endtime="20210705 17:46:14.992"/>
</kw>
<kw name="somar dois numeros">
<var>${resultado_da_soma}</var>
<arg>1</arg>
<arg>2</arg>
<kw name="Evaluate" library="BuiltIn">
<var>${resultado_da_expressao}</var>
<arg>${primeiro_num}+${segundo_num}</arg>
<doc>Evaluates the given expression in Python and returns the result.</doc>
<msg timestamp="20210705 17:46:15.000" level="INFO">${resultado_da_expressao} = 3</msg>
<status status="PASS" starttime="20210705 17:46:14.992" endtime="20210705 17:46:15.000"/>
</kw>
<kw name="Log To Console" library="BuiltIn">
<arg>${\n}O resultado é: ${resultado_da_expressao}</arg>
<doc>Logs the given message to the console.</doc>
<status status="PASS" starttime="20210705 17:46:15.000" endtime="20210705 17:46:15.000"/>
</kw>
<msg timestamp="20210705 17:46:15.000" level="INFO">${resultado_da_soma} = 3</msg>
<status status="PASS" starttime="20210705 17:46:14.992" endtime="20210705 17:46:15.000"/>
</kw>
<kw name="Log" library="BuiltIn">
<arg>${resultado_da_soma}</arg>
<doc>Logs the given message with the given level.</doc>
<msg timestamp="20210705 17:46:15.000" level="INFO">3</msg>
<status status="PASS" starttime="20210705 17:46:15.000" endtime="20210705 17:46:15.008"/>
</kw>
<kw name="somar dois numeros">
<var>${resultado_da_soma}</var>
<arg>${resultado_da_soma}</arg>
<arg>4</arg>
<kw name="Evaluate" library="BuiltIn">
<var>${resultado_da_expressao}</var>
<arg>${primeiro_num}+${segundo_num}</arg>
<doc>Evaluates the given expression in Python and returns the result.</doc>
<msg timestamp="20210705 17:46:15.008" level="INFO">${resultado_da_expressao} = 7</msg>
<status status="PASS" starttime="20210705 17:46:15.008" endtime="20210705 17:46:15.008"/>
</kw>
<kw name="Log To Console" library="BuiltIn">
<arg>${\n}O resultado é: ${resultado_da_expressao}</arg>
<doc>Logs the given message to the console.</doc>
<status status="PASS" starttime="20210705 17:46:15.008" endtime="20210705 17:46:15.016"/>
</kw>
<msg timestamp="20210705 17:46:15.016" level="INFO">${resultado_da_soma} = 7</msg>
<status status="PASS" starttime="20210705 17:46:15.008" endtime="20210705 17:46:15.016"/>
</kw>
<kw name="Log" library="BuiltIn">
<arg>${resultado_da_soma}</arg>
<doc>Logs the given message with the given level.</doc>
<msg timestamp="20210705 17:46:15.016" level="INFO">7</msg>
<status status="PASS" starttime="20210705 17:46:15.016" endtime="20210705 17:46:15.016"/>
</kw>
<kw name="kw para executar no Teardown de cada Teste" type="TEARDOWN">
<kw name="Log To Console" library="BuiltIn">
<arg>Essa KW foi executada no Teardown deste Teste!</arg>
<doc>Logs the given message to the console.</doc>
<status status="PASS" starttime="20210705 17:46:15.024" endtime="20210705 17:46:15.024"/>
</kw>
<status status="PASS" starttime="20210705 17:46:15.016" endtime="20210705 17:46:15.024"/>
</kw>
<status status="PASS" starttime="20210705 17:46:14.984" endtime="20210705 17:46:15.024"/>
</test>
<test id="s1-s1-t2" name="Meu teste de soma 2">
<kw name="kw para executar no setup de cada Teste" type="SETUP">
<kw name="Log To Console" library="BuiltIn">
<arg>Essa KW foi executada no setup de cada Teste</arg>
<doc>Logs the given message to the console.</doc>
<status status="PASS" starttime="20210705 17:46:15.032" endtime="20210705 17:46:15.032"/>
</kw>
<status status="PASS" starttime="20210705 17:46:15.032" endtime="20210705 17:46:15.040"/>
</kw>
<kw name="somar dois numeros">
<arg>3</arg>
<arg>4</arg>
<kw name="Evaluate" library="BuiltIn">
<var>${resultado_da_expressao}</var>
<arg>${primeiro_num}+${segundo_num}</arg>
<doc>Evaluates the given expression in Python and returns the result.</doc>
<msg timestamp="20210705 17:46:15.048" level="INFO">${resultado_da_expressao} = 7</msg>
<status status="PASS" starttime="20210705 17:46:15.040" endtime="20210705 17:46:15.048"/>
</kw>
<kw name="Log To Console" library="BuiltIn">
<arg>${\n}O resultado é: ${resultado_da_expressao}</arg>
<doc>Logs the given message to the console.</doc>
<status status="PASS" starttime="20210705 17:46:15.048" endtime="20210705 17:46:15.048"/>
</kw>
<status status="PASS" starttime="20210705 17:46:15.040" endtime="20210705 17:46:15.048"/>
</kw>
<kw name="kw para executar no Teardown de cada Teste" type="TEARDOWN">
<kw name="Log To Console" library="BuiltIn">
<arg>Essa KW foi executada no Teardown deste Teste!</arg>
<doc>Logs the given message to the console.</doc>
<status status="PASS" starttime="20210705 17:46:15.056" endtime="20210705 17:46:15.056"/>
</kw>
<status status="PASS" starttime="20210705 17:46:15.056" endtime="20210705 17:46:15.056"/>
</kw>
<status status="PASS" starttime="20210705 17:46:15.032" endtime="20210705 17:46:15.064"/>
</test>
<kw name="kw para executar no Teardown da Suite" type="TEARDOWN">
<kw name="Log To Console" library="BuiltIn">
<arg>Essa KW foi executada no Teardown desta Suite!!!</arg>
<doc>Logs the given message to the console.</doc>
<status status="PASS" starttime="20210705 17:46:15.072" endtime="20210705 17:46:15.072"/>
</kw>
<status status="PASS" starttime="20210705 17:46:15.072" endtime="20210705 17:46:15.072"/>
</kw>
<doc>testando argumentos e retornos</doc>
<status status="PASS" starttime="20210705 17:46:14.928" endtime="20210705 17:46:15.072"/>
</suite>
<status status="PASS" starttime="20210705 17:46:14.816" endtime="20210705 17:46:15.080"/>
</suite>
<statistics>
<total>
<stat pass="2" fail="0" skip="0">All Tests</stat>
</total>
<tag>
</tag>
<suite>
<stat pass="2" fail="0" skip="0" id="s1" name="Setup">Setup</stat>
<stat pass="2" fail="0" skip="0" id="s1-s1" name="Setup">Setup.Setup</stat>
</suite>
</statistics>
<errors>
</errors>
</robot>
