<?xml version="1.0" encoding="UTF-8"?>
<robot generator="Robot 4.0.3 (Python 3.9.6 on win32)" generated="20210705 17:29:47.059" rpa="false" schemaversion="2">
<suite id="s1" name="Web Test" source="c:\Users\Eveline\PrimeExperts_junho_28_2021\web_test">
<suite id="s1-s1" name="Web Test" source="c:\Users\Eveline\PrimeExperts_junho_28_2021\web_test\web_test.robot">
<kw name="Abrir o navegador" library="resource_web" type="SETUP">
<kw name="Open Browser" library="SeleniumLibrary">
<arg>browser=Chrome</arg>
<doc>Opens a new browser instance to the optional ``url``.</doc>
<msg timestamp="20210705 17:29:47.506" level="INFO">Opening browser 'Chrome' to base url 'None'.</msg>
<status status="PASS" starttime="20210705 17:29:47.506" endtime="20210705 17:29:51.433"/>
</kw>
<status status="PASS" starttime="20210705 17:29:47.506" endtime="20210705 17:29:51.433"/>
</kw>
<test id="s1-s1-t1" name="Caso de Teste 01: Pesquisar produto existente">
<kw name="Acessar a página home do site Automation Practice" library="resource_web">
<kw name="Go To" library="SeleniumLibrary">
<arg>${URL}</arg>
<doc>Navigates the current browser window to the provided ``url``.</doc>
<msg timestamp="20210705 17:29:51.433" level="INFO">Opening url 'http://automationpractice.com'</msg>
<status status="PASS" starttime="20210705 17:29:51.433" endtime="20210705 17:29:57.041"/>
</kw>
<status status="PASS" starttime="20210705 17:29:51.433" endtime="20210705 17:29:57.049"/>
</kw>
<kw name="Digitar o nome do produto &quot;Blouse&quot; no campo de pesquisa" library="resource_web" sourcename="Digitar o nome do produto &quot;${produto}&quot; no campo de pesquisa">
<kw name="Wait Until Element Is Visible" library="SeleniumLibrary">
<arg>id:search_query_top</arg>
<doc>Waits until the element ``locator`` is visible.</doc>
<status status="PASS" starttime="20210705 17:29:57.049" endtime="20210705 17:29:57.105"/>
</kw>
<kw name="Input Text" library="SeleniumLibrary">
<arg>id:search_query_top</arg>
<arg>${produto}</arg>
<doc>Types the given ``text`` into the text field identified by ``locator``.</doc>
<msg timestamp="20210705 17:29:57.105" level="INFO">Typing text 'Blouse' into text field 'id:search_query_top'.</msg>
<status status="PASS" starttime="20210705 17:29:57.105" endtime="20210705 17:29:57.321"/>
</kw>
<status status="PASS" starttime="20210705 17:29:57.049" endtime="20210705 17:29:57.321"/>
</kw>
<kw name="Clicar no botão pesquisar" library="resource_web">
<kw name="Click Button" library="SeleniumLibrary">
<arg>name:submit_search</arg>
<doc>Clicks the button identified by ``locator``.</doc>
<msg timestamp="20210705 17:29:57.321" level="INFO">Clicking button 'name:submit_search'.</msg>
<status status="PASS" starttime="20210705 17:29:57.321" endtime="20210705 17:29:57.417"/>
</kw>
<status status="PASS" starttime="20210705 17:29:57.321" endtime="20210705 17:29:57.417"/>
</kw>
<kw name="Conferir se o produto &quot;Blouse&quot; foi listado no site" library="resource_web" sourcename="Conferir se o produto &quot;${produto}&quot; foi listado no site">
<kw name="Wait Until Element Is Visible" library="SeleniumLibrary">
<arg>//h5[@itemprop='name'][contains(.,'Blouse')]</arg>
<doc>Waits until the element ``locator`` is visible.</doc>
<status status="PASS" starttime="20210705 17:29:57.417" endtime="20210705 17:29:58.814"/>
</kw>
<kw name="Element Text Should Be" library="SeleniumLibrary">
<arg>//h5[@itemprop='name'][contains(.,'Blouse')]</arg>
<arg>${produto}</arg>
<doc>Verifies that element ``locator`` contains exact the text ``expected``.</doc>
<msg timestamp="20210705 17:29:58.814" level="INFO">Verifying element '//h5[@itemprop='name'][contains(.,'Blouse')]' contains exact text 'Blouse'.</msg>
<status status="PASS" starttime="20210705 17:29:58.814" endtime="20210705 17:29:58.838"/>
</kw>
<status status="PASS" starttime="20210705 17:29:57.417" endtime="20210705 17:29:58.838"/>
</kw>
<status status="PASS" starttime="20210705 17:29:51.433" endtime="20210705 17:29:58.838"/>
</test>
<kw name="Fechar o navegador" library="resource_web" type="TEARDOWN">
<kw name="Close Browser" library="SeleniumLibrary">
<doc>Closes the current browser.</doc>
<status status="PASS" starttime="20210705 17:29:58.838" endtime="20210705 17:30:01.101"/>
</kw>
<status status="PASS" starttime="20210705 17:29:58.838" endtime="20210705 17:30:01.101"/>
</kw>
<doc>case web teste case web</doc>
<status status="PASS" starttime="20210705 17:29:47.107" endtime="20210705 17:30:01.101"/>
</suite>
<status status="PASS" starttime="20210705 17:29:47.067" endtime="20210705 17:30:01.109"/>
</suite>
<statistics>
<total>
<stat pass="1" fail="0" skip="0">All Tests</stat>
</total>
<tag>
</tag>
<suite>
<stat pass="1" fail="0" skip="0" id="s1" name="Web Test">Web Test</stat>
<stat pass="1" fail="0" skip="0" id="s1-s1" name="Web Test">Web Test.Web Test</stat>
</suite>
</statistics>
<errors>
</errors>
</robot>
