<?xml version="1.0" encoding="UTF-8"?>
<robot generator="Robot 4.0.3 (Python 3.9.6 on win32)" generated="20210630 17:59:20.731" rpa="false" schemaversion="2">
<suite id="s1" name="Test" source="C:\Users\Eveline\PrimeExperts_junho_28_2021\teste_cadastro.robot\test.variavel">
<test id="s1-t1" name="Meu teste imprimindo uma lista de FRUTAS">
<kw name="Logar no meu terminal uma lista de FRUTAS">
<kw name="Set Suite Variable" library="BuiltIn">
<arg>${nova_fruta}</arg>
<arg>morango</arg>
<doc>Makes a variable available everywhere within the scope of the current suite.</doc>
<msg timestamp="20210630 17:59:20.767" level="INFO">${nova_fruta} = morango</msg>
<status status="PASS" starttime="20210630 17:59:20.766" endtime="20210630 17:59:20.767"/>
</kw>
<kw name="Set Variable" library="BuiltIn">
<var>${nova_fruta2}</var>
<arg>uva</arg>
<doc>Returns the given values which can then be assigned to a variables.</doc>
<msg timestamp="20210630 17:59:20.767" level="INFO">${nova_fruta2} = uva</msg>
<status status="PASS" starttime="20210630 17:59:20.767" endtime="20210630 17:59:20.767"/>
</kw>
<kw name="Log To Console" library="BuiltIn">
<arg>${\n}</arg>
<doc>Logs the given message to the console.</doc>
<status status="PASS" starttime="20210630 17:59:20.767" endtime="20210630 17:59:20.769"/>
</kw>
<kw name="Log To Console" library="BuiltIn">
<arg>${FRUTAS} ${nova_fruta} ${nova_fruta2}</arg>
<doc>Logs the given message to the console.</doc>
<status status="PASS" starttime="20210630 17:59:20.769" endtime="20210630 17:59:20.770"/>
</kw>
<kw name="Log Many" library="BuiltIn">
<arg>${FRUTAS}</arg>
<doc>Logs the given messages as separate entries using the INFO level.</doc>
<msg timestamp="20210630 17:59:20.770" level="INFO">['banana', 'maca', 'laranja']</msg>
<status status="PASS" starttime="20210630 17:59:20.770" endtime="20210630 17:59:20.770"/>
</kw>
<kw name="Log To Console" library="BuiltIn">
<arg>${nova_fruta} ${nova_fruta2}</arg>
<doc>Logs the given message to the console.</doc>
<status status="PASS" starttime="20210630 17:59:20.770" endtime="20210630 17:59:20.771"/>
</kw>
<status status="PASS" starttime="20210630 17:59:20.766" endtime="20210630 17:59:20.772"/>
</kw>
<status status="PASS" starttime="20210630 17:59:20.765" endtime="20210630 17:59:20.772"/>
</test>
<test id="s1-t2" name="Meu teste de impressao de mensagem no terminal">
<kw name="Logar no terminal uma mensagem">
<kw name="Log To Console" library="BuiltIn">
<arg>${nova_fruta}</arg>
<doc>Logs the given message to the console.</doc>
<status status="PASS" starttime="20210630 17:59:20.775" endtime="20210630 17:59:20.776"/>
</kw>
<kw name="Log To Console" library="BuiltIn">
<arg>${PESSOA}</arg>
<doc>Logs the given message to the console.</doc>
<status status="PASS" starttime="20210630 17:59:20.776" endtime="20210630 17:59:20.777"/>
</kw>
<kw name="Log To Console" library="BuiltIn">
<arg>${\n}</arg>
<doc>Logs the given message to the console.</doc>
<status status="PASS" starttime="20210630 17:59:20.777" endtime="20210630 17:59:20.779"/>
</kw>
<kw name="Log To Console" library="BuiltIn">
<arg>${MENSAGEM}</arg>
<doc>Logs the given message to the console.</doc>
<status status="PASS" starttime="20210630 17:59:20.779" endtime="20210630 17:59:20.780"/>
</kw>
<status status="PASS" starttime="20210630 17:59:20.775" endtime="20210630 17:59:20.781"/>
</kw>
<status status="PASS" starttime="20210630 17:59:20.774" endtime="20210630 17:59:20.781"/>
</test>
<test id="s1-t3" name="Meu teste imprimindo um dicionario de Pessoa">
<kw name="Logar no meu terminal uma PESSOA">
<kw name="Log To Console" library="BuiltIn">
<arg>${\n}</arg>
<doc>Logs the given message to the console.</doc>
<status status="PASS" starttime="20210630 17:59:20.784" endtime="20210630 17:59:20.784"/>
</kw>
<kw name="Log To Console" library="BuiltIn">
<arg>${PESSOA}</arg>
<doc>Logs the given message to the console.</doc>
<status status="PASS" starttime="20210630 17:59:20.784" endtime="20210630 17:59:20.785"/>
</kw>
<kw name="Log To Console" library="BuiltIn">
<arg>${\n}</arg>
<doc>Logs the given message to the console.</doc>
<status status="PASS" starttime="20210630 17:59:20.785" endtime="20210630 17:59:20.786"/>
</kw>
<kw name="Log To Console" library="BuiltIn">
<arg>${PESSOA.nome} ${PESSOA.sobrenome} ${PESSOA.idade} anos!</arg>
<doc>Logs the given message to the console.</doc>
<status status="PASS" starttime="20210630 17:59:20.786" endtime="20210630 17:59:20.789"/>
</kw>
<status status="PASS" starttime="20210630 17:59:20.783" endtime="20210630 17:59:20.789"/>
</kw>
<status status="PASS" starttime="20210630 17:59:20.782" endtime="20210630 17:59:20.790"/>
</test>
<doc>Meu teste de variaveis</doc>
<status status="PASS" starttime="20210630 17:59:20.734" endtime="20210630 17:59:20.792"/>
</suite>
<statistics>
<total>
<stat pass="3" fail="0" skip="0">All Tests</stat>
</total>
<tag>
</tag>
<suite>
<stat pass="3" fail="0" skip="0" id="s1" name="Test">Test</stat>
</suite>
</statistics>
<errors>
</errors>
</robot>
