<?xml version="1.0" encoding="UTF-8"?>
<robot generator="Robot 4.0.3 (Python 3.9.6 on win32)" generated="20210705 17:50:49.765" rpa="false" schemaversion="2">
<suite id="s1" name="Variables" source="C:\Users\Eveline\PrimeExperts_junho_28_2021\variables\variables">
<suite id="s1-s1" name="Teste  Variaveis" source="C:\Users\Eveline\PrimeExperts_junho_28_2021\variables\variables\teste _variaveis.robot">
<test id="s1-s1-t1" name="Meu teste de impressao de mensagem no terminal">
<kw name="Logar no terminal uma mensagem">
<kw name="Log To Console" library="BuiltIn">
<arg>${mensagem}</arg>
<doc>Logs the given message to the console.</doc>
<status status="PASS" starttime="20210705 17:50:49.821" endtime="20210705 17:50:49.821"/>
</kw>
<status status="PASS" starttime="20210705 17:50:49.813" endtime="20210705 17:50:49.821"/>
</kw>
<status status="PASS" starttime="20210705 17:50:49.813" endtime="20210705 17:50:49.821"/>
</test>
<doc>Meu teste de variaveis</doc>
<status status="PASS" starttime="20210705 17:50:49.813" endtime="20210705 17:50:49.821"/>
</suite>
<suite id="s1-s2" name="Testvariavel" source="C:\Users\Eveline\PrimeExperts_junho_28_2021\variables\variables\testvariavel.robot">
<test id="s1-s2-t1" name="Meu teste imprimindo uma lista de FRUTAS">
<kw name="Logar no meu terminal uma lista de FRUTAS">
<kw name="Set Suite Variable" library="BuiltIn">
<arg>${nova_fruta}</arg>
<arg>morango</arg>
<doc>Makes a variable available everywhere within the scope of the current suite.</doc>
<msg timestamp="20210705 17:50:49.845" level="INFO">${nova_fruta} = morango</msg>
<status status="PASS" starttime="20210705 17:50:49.837" endtime="20210705 17:50:49.845"/>
</kw>
<kw name="Set Variable" library="BuiltIn">
<var>${nova_fruta2}</var>
<arg>uva</arg>
<doc>Returns the given values which can then be assigned to a variables.</doc>
<msg timestamp="20210705 17:50:49.845" level="INFO">${nova_fruta2} = uva</msg>
<status status="PASS" starttime="20210705 17:50:49.845" endtime="20210705 17:50:49.845"/>
</kw>
<kw name="Log To Console" library="BuiltIn">
<arg>${\n}</arg>
<doc>Logs the given message to the console.</doc>
<status status="PASS" starttime="20210705 17:50:49.845" endtime="20210705 17:50:49.845"/>
</kw>
<kw name="Log To Console" library="BuiltIn">
<arg>${FRUTAS} ${nova_fruta} ${nova_fruta2}</arg>
<doc>Logs the given message to the console.</doc>
<status status="PASS" starttime="20210705 17:50:49.845" endtime="20210705 17:50:49.845"/>
</kw>
<kw name="Log Many" library="BuiltIn">
<arg>${FRUTAS}</arg>
<doc>Logs the given messages as separate entries using the INFO level.</doc>
<msg timestamp="20210705 17:50:49.845" level="INFO">['banana', 'maca', 'laranja']</msg>
<status status="PASS" starttime="20210705 17:50:49.845" endtime="20210705 17:50:49.845"/>
</kw>
<kw name="Log To Console" library="BuiltIn">
<arg>${nova_fruta} ${nova_fruta2}</arg>
<doc>Logs the given message to the console.</doc>
<status status="PASS" starttime="20210705 17:50:49.845" endtime="20210705 17:50:49.845"/>
</kw>
<status status="PASS" starttime="20210705 17:50:49.837" endtime="20210705 17:50:49.845"/>
</kw>
<status status="PASS" starttime="20210705 17:50:49.837" endtime="20210705 17:50:49.845"/>
</test>
<test id="s1-s2-t2" name="Meu teste de impressao de mensagem no terminal">
<kw name="Logar no terminal uma mensagem">
<kw name="Log To Console" library="BuiltIn">
<arg>${nova_fruta}</arg>
<doc>Logs the given message to the console.</doc>
<status status="PASS" starttime="20210705 17:50:49.853" endtime="20210705 17:50:49.853"/>
</kw>
<kw name="Log To Console" library="BuiltIn">
<arg>${PESSOA}</arg>
<doc>Logs the given message to the console.</doc>
<status status="PASS" starttime="20210705 17:50:49.853" endtime="20210705 17:50:49.853"/>
</kw>
<kw name="Log To Console" library="BuiltIn">
<arg>${\n}</arg>
<doc>Logs the given message to the console.</doc>
<status status="PASS" starttime="20210705 17:50:49.853" endtime="20210705 17:50:49.853"/>
</kw>
<kw name="Log To Console" library="BuiltIn">
<arg>${MENSAGEM}</arg>
<doc>Logs the given message to the console.</doc>
<status status="PASS" starttime="20210705 17:50:49.853" endtime="20210705 17:50:49.853"/>
</kw>
<status status="PASS" starttime="20210705 17:50:49.853" endtime="20210705 17:50:49.853"/>
</kw>
<status status="PASS" starttime="20210705 17:50:49.845" endtime="20210705 17:50:49.853"/>
</test>
<test id="s1-s2-t3" name="Meu teste imprimindo um dicionario de Pessoa">
<kw name="Logar no meu terminal uma PESSOA">
<kw name="Log To Console" library="BuiltIn">
<arg>${\n}</arg>
<doc>Logs the given message to the console.</doc>
<status status="PASS" starttime="20210705 17:50:49.861" endtime="20210705 17:50:49.861"/>
</kw>
<kw name="Log To Console" library="BuiltIn">
<arg>${PESSOA}</arg>
<doc>Logs the given message to the console.</doc>
<status status="PASS" starttime="20210705 17:50:49.861" endtime="20210705 17:50:49.861"/>
</kw>
<kw name="Log To Console" library="BuiltIn">
<arg>${\n}</arg>
<doc>Logs the given message to the console.</doc>
<status status="PASS" starttime="20210705 17:50:49.861" endtime="20210705 17:50:49.869"/>
</kw>
<kw name="Log To Console" library="BuiltIn">
<arg>${PESSOA.nome} ${PESSOA.sobrenome} ${PESSOA.idade} anos!</arg>
<doc>Logs the given message to the console.</doc>
<status status="PASS" starttime="20210705 17:50:49.869" endtime="20210705 17:50:49.869"/>
</kw>
<status status="PASS" starttime="20210705 17:50:49.861" endtime="20210705 17:50:49.869"/>
</kw>
<status status="PASS" starttime="20210705 17:50:49.853" endtime="20210705 17:50:49.869"/>
</test>
<doc>Meu teste de variaveis</doc>
<status status="PASS" starttime="20210705 17:50:49.821" endtime="20210705 17:50:49.869"/>
</suite>
<status status="PASS" starttime="20210705 17:50:49.773" endtime="20210705 17:50:49.885"/>
</suite>
<statistics>
<total>
<stat pass="4" fail="0" skip="0">All Tests</stat>
</total>
<tag>
</tag>
<suite>
<stat pass="4" fail="0" skip="0" id="s1" name="Variables">Variables</stat>
<stat pass="1" fail="0" skip="0" id="s1-s1" name="Teste  Variaveis">Variables.Teste  Variaveis</stat>
<stat pass="3" fail="0" skip="0" id="s1-s2" name="Testvariavel">Variables.Testvariavel</stat>
</suite>
</statistics>
<errors>
</errors>
</robot>
